<?xml version="1.0" encoding="UTF-8"?>
<testsuite xmlns:xsi="http://www.w3.org/2001/XMLSchema-instance" xsi:noNamespaceSchemaLocation="https://maven.apache.org/surefire/maven-surefire-plugin/xsd/surefire-test-report.xsd" name="org.cs320.ozyegin.service.AdvertServiceTest" time="2.909" tests="3" errors="0" skipped="0" failures="0">
  <properties>
[...]
</properties>
  <testcase name="findAllAdvertisements" classname="org.cs320.ozyegin.service.AdvertServiceTest" time="0.129"/>
  <testcase name="findAdvertByID" classname="org.cs320.ozyegin.service.AdvertServiceTest" time="0.043"/>
  <testcase name="createAdvertisement" classname="org.cs320.ozyegin.service.AdvertServiceTest" time="0.014"/>
</testsuite>